This is XeTeX, Version 3.141592653-2.6-0.999993 (TeX Live 2021) (preloaded format=xelatex 2021.6.7)  15 JUN 2022 13:40
entering extended mode
 \write18 enabled.
 file:line:error style messages enabled.
 %&-line parsing enabled.
**"/Users/alexicanesse/Documents/stage/implementation/Stage L3/proofs/source/myrtille_exponentielle.tex" -halt-on-error
(/Users/alexicanesse/Documents/stage/implementation/Stage L3/proofs/source/myrtille_exponentielle.tex
LaTeX2e <2021-06-01>
L3 programming layer <2021-06-01>

! LaTeX Error: File `./proofs/source/preambule.tex' not found.

Type X to quit or <RETURN> to proceed,
or enter new name. (Default extension: tex)

Enter file name: 
/Users/alexicanesse/Documents/stage/implementation/Stage L3/proofs/source/myrtille_exponentielle.tex:1: Emergency stop.
<read *> 
         
l.1 \input{./proofs/source/preambule.tex}
                                         ^^M
*** (cannot \read from terminal in nonstop modes)

 
Here is how much of TeX's memory you used:
 20 strings out of 476469
 672 string characters out of 5814088
 303105 words of memory out of 5000000
 20578 multiletter control sequences out of 15000+600000
 403430 words of font info for 27 fonts, out of 8000000 for 9000
 1348 hyphenation exceptions out of 8191
 16i,0n,26p,199b,18s stack positions out of 5000i,500n,10000p,200000b,80000s
No pages of output.
